<?xml version="1.0" encoding="UTF-8"?>
<!-- Generated by org.testng.reporters.JUnitReportReporter -->
<testsuite hostname="EPBYMINW5030" failures="0" tests="1" name="alex.CtgTest" time="0.010" errors="0" timestamp="01 Apr 2019 07:42:05 GMT" skipped="0">
  <testcase classname="alex.CtgTest" name="ctgTest" time="0.010"/>
</testsuite> <!-- alex.CtgTest -->
