<?xml version="1.0" encoding="UTF-8"?>
<!-- Generated by org.testng.reporters.JUnitReportReporter -->
<testsuite hostname="EPBYMINW5030" failures="0" tests="1" name="alex.isNegativeTest" time="0.002" errors="0" timestamp="01 Apr 2019 07:42:05 GMT" skipped="0">
  <testcase classname="alex.isNegativeTest" name="divTest" time="0.002"/>
</testsuite> <!-- alex.isNegativeTest -->
